<?xml version="1.0" encoding="UTF-8"?>
<testng-results skipped="0" failed="0" ignored="0" total="1" passed="1">
  <reporter-output>
  </reporter-output>
  <suite name="Default suite" duration-ms="44643" started-at="2020-06-15T16:53:50 IST" finished-at="2020-06-15T16:54:34 IST">
    <groups>
      <group name="cucumber">
        <method signature="AbstractTestNGCucumberTests.runScenario(io.cucumber.testng.PickleWrapper, io.cucumber.testng.FeatureWrapper)[pri:0, instance:testRunner.RunCucumberFeaturesTest@67b467e9]" name="runScenario" class="io.cucumber.testng.AbstractTestNGCucumberTests"/>
      </group> <!-- cucumber -->
    </groups>
    <test name="Default test" duration-ms="44643" started-at="2020-06-15T16:53:50 IST" finished-at="2020-06-15T16:54:34 IST">
      <class name="testRunner.RunCucumberFeaturesTest">
        <test-method status="PASS" signature="setUpClass()[pri:0, instance:testRunner.RunCucumberFeaturesTest@67b467e9]" name="setUpClass" is-config="true" duration-ms="541" started-at="2020-06-15T16:53:50 IST" finished-at="2020-06-15T16:53:50 IST">
          <reporter-output>
          </reporter-output>
        </test-method> <!-- setUpClass -->
        <test-method status="PASS" signature="setUpBeforeTest(java.lang.String, java.lang.String)[pri:0, instance:testRunner.RunCucumberFeaturesTest@67b467e9]" name="setUpBeforeTest" is-config="true" duration-ms="18417" started-at="2020-06-15T16:53:50 IST" finished-at="2020-06-15T16:54:09 IST">
          <params>
            <param index="0">
              <value is-null="true"/>
            </param>
            <param index="1">
              <value is-null="true"/>
            </param>
          </params>
          <reporter-output>
          </reporter-output>
        </test-method> <!-- setUpBeforeTest -->
        <test-method status="PASS" signature="runScenario(io.cucumber.testng.PickleWrapper, io.cucumber.testng.FeatureWrapper)[pri:0, instance:testRunner.RunCucumberFeaturesTest@67b467e9]" name="runScenario" duration-ms="21368" started-at="2020-06-15T16:54:09 IST" description="Runs Cucumber Scenarios" data-provider="scenarios" finished-at="2020-06-15T16:54:30 IST">
          <params>
            <param index="0">
              <value>
                <![CDATA["open profile enlarge every menu point and verify the header"]]>
              </value>
            </param>
            <param index="1">
              <value>
                <![CDATA["Profile"]]>
              </value>
            </param>
          </params>
          <reporter-output>
          </reporter-output>
        </test-method> <!-- runScenario -->
        <test-method status="PASS" signature="tearDownTest()[pri:0, instance:testRunner.RunCucumberFeaturesTest@67b467e9]" name="tearDownTest" is-config="true" duration-ms="4074" started-at="2020-06-15T16:54:30 IST" finished-at="2020-06-15T16:54:34 IST">
          <reporter-output>
          </reporter-output>
        </test-method> <!-- tearDownTest -->
        <test-method status="PASS" signature="tearDownClass()[pri:0, instance:testRunner.RunCucumberFeaturesTest@67b467e9]" name="tearDownClass" is-config="true" duration-ms="178" started-at="2020-06-15T16:54:34 IST" finished-at="2020-06-15T16:54:34 IST">
          <reporter-output>
          </reporter-output>
        </test-method> <!-- tearDownClass -->
      </class> <!-- testRunner.RunCucumberFeaturesTest -->
    </test> <!-- Default test -->
  </suite> <!-- Default suite -->
</testng-results>
